Removed Pin From Net: NetName=TFT_DB8 Pin=P1-1
Removed Pin From Net: NetName=TFT_DB7 Pin=P1-2
Removed Pin From Net: NetName=TFT_DB6 Pin=P1-3
Removed Pin From Net: NetName=TFT_DB5 Pin=P1-4
Removed Pin From Net: NetName=TFT_DB3 Pin=P1-6
Removed Pin From Net: NetName=TFT_DB2 Pin=P1-7
Removed Pin From Net: NetName=TFT_DB1 Pin=P1-8
Removed Pin From Net: NetName=TFT_DB0 Pin=P1-9
Removed Pin From Net: NetName=TFT_IM Pin=P1-10
Removed Pin From Net: NetName=TFT_RD Pin=P1-11
Removed Pin From Net: NetName=TFT_RS Pin=P1-13
Removed Pin From Net: NetName=TFT_CS Pin=P1-14
Added Pin To Net: NetName=TFT_DB0 Pin=P1-1
Added Pin To Net: NetName=TFT_DB1 Pin=P1-2
Added Pin To Net: NetName=TFT_DB2 Pin=P1-3
Added Pin To Net: NetName=TFT_DB3 Pin=P1-4
Added Pin To Net: NetName=TFT_DB5 Pin=P1-6
Added Pin To Net: NetName=TFT_DB6 Pin=P1-7
Added Pin To Net: NetName=TFT_DB7 Pin=P1-8
Added Pin To Net: NetName=TFT_DB8 Pin=P1-9
Added Pin To Net: NetName=TFT_CS Pin=P1-10
Added Pin To Net: NetName=TFT_RS Pin=P1-11
Added Pin To Net: NetName=TFT_RD Pin=P1-13
Added Pin To Net: NetName=TFT_IM Pin=P1-14
