Removed Pin From Net: NetName=TFT_DB0 Pin=P1-1
Removed Pin From Net: NetName=TFT_DB1 Pin=P1-2
Removed Pin From Net: NetName=TFT_DB2 Pin=P1-3
Removed Pin From Net: NetName=TFT_DB3 Pin=P1-4
Removed Pin From Net: NetName=TFT_DB4 Pin=P1-5
Removed Pin From Net: NetName=TFT_DB5 Pin=P1-6
Removed Pin From Net: NetName=TFT_DB6 Pin=P1-7
Removed Pin From Net: NetName=TFT_DB7 Pin=P1-8
Removed Pin From Net: NetName=TFT_DB8 Pin=P1-9
Removed Pin From Net: NetName=TFT_CS Pin=P1-10
Removed Pin From Net: NetName=TFT_RS Pin=P1-11
Removed Pin From Net: NetName=TFT_WR Pin=P1-12
Removed Pin From Net: NetName=TFT_RD Pin=P1-13
Removed Pin From Net: NetName=TFT_IM Pin=P1-14
Removed Pin From Net: NetName=TFT_BLK Pin=P1-15
Removed Pin From Net: NetName=SCREEN_VCC Pin=P1-16
Removed Pin From Net: NetName=GND Pin=P1-17
Removed Member From Class: ClassName=ScreenAdapterBoard2 Member=P1
Added Component: Designator=P?(HDR1X18)
Added Pin To Net: NetName=TFT_DB0 Pin=P?-1
Added Pin To Net: NetName=TFT_DB1 Pin=P?-2
Added Pin To Net: NetName=TFT_DB2 Pin=P?-3
Added Pin To Net: NetName=TFT_DB3 Pin=P?-4
Added Pin To Net: NetName=TFT_DB4 Pin=P?-5
Added Pin To Net: NetName=TFT_DB5 Pin=P?-6
Added Pin To Net: NetName=TFT_DB6 Pin=P?-7
Added Pin To Net: NetName=TFT_DB7 Pin=P?-8
Added Pin To Net: NetName=TFT_DB8 Pin=P?-9
Added Pin To Net: NetName=TFT_RES Pin=P?-10
Added Pin To Net: NetName=TFT_CS Pin=P?-11
Added Pin To Net: NetName=TFT_RS Pin=P?-12
Added Pin To Net: NetName=TFT_WR Pin=P?-13
Added Pin To Net: NetName=TFT_RD Pin=P?-14
Added Pin To Net: NetName=TFT_IM Pin=P?-15
Added Pin To Net: NetName=TFT_BLK Pin=P?-16
Added Pin To Net: NetName=SCREEN_VCC Pin=P?-17
Added Pin To Net: NetName=GND Pin=P?-18
Added Member To Class: ClassName=ScreenAdapterBoard2 Member=Component P? Header 18
