Added Component: Designator=CR1(CONN RCPT 10POS 0.4MM)
Added Component: Designator=L?(LOGO L BS)
Added Component: Designator=P9(HDR1X5)
Added Component: Designator=P?(HDR1X17)
Added Component: Designator=Q8(三极管_SOT-23)
Added Component: Designator=R43(电阻_R0603)
Added Component: Designator=R44(电阻_R0603)
Added Component: Designator=R45(电阻_R0603)
Added Component: Designator=S?(CONN-SMD_DF37NC-24DS-0.4V(51))
Added Pin To Net: NetName=GND Pin=CR1-6
Added Pin To Net: NetName=GND Pin=CR1-7
Added Pin To Net: NetName=GND Pin=CR1-9
Added Pin To Net: NetName=GND Pin=CR1-10
Added Pin To Net: NetName=GND Pin=P9-1
Added Pin To Net: NetName=GND Pin=P?-17
Added Pin To Net: NetName=GND Pin=Q8-3
Added Pin To Net: NetName=GND Pin=R45-1
Added Pin To Net: NetName=GND Pin=S?-1
Added Pin To Net: NetName=GND Pin=S?-3
Added Pin To Net: NetName=GND Pin=S?-21
Added Pin To Net: NetName=GND Pin=S?-24
Added Net: Name=GND
Added Pin To Net: NetName=NetQ8_1 Pin=Q8-1
Added Pin To Net: NetName=NetQ8_1 Pin=R44-2
Added Pin To Net: NetName=NetQ8_1 Pin=R45-2
Added Net: Name=NetQ8_1
Added Pin To Net: NetName=NetQ8_2 Pin=Q8-2
Added Pin To Net: NetName=NetQ8_2 Pin=R43-1
Added Net: Name=NetQ8_2
Added Pin To Net: NetName=SCREEN_VCC Pin=CR1-1
Added Pin To Net: NetName=SCREEN_VCC Pin=P?-16
Added Pin To Net: NetName=SCREEN_VCC Pin=S?-18
Added Pin To Net: NetName=SCREEN_VCC Pin=S?-20
Added Pin To Net: NetName=SCREEN_VCC Pin=S?-22
Added Net: Name=SCREEN_VCC
Added Pin To Net: NetName=TFT_BLK Pin=P?-15
Added Pin To Net: NetName=TFT_BLK Pin=R44-1
Added Net: Name=TFT_BLK
Added Pin To Net: NetName=TFT_CS Pin=P?-14
Added Pin To Net: NetName=TFT_CS Pin=S?-17
Added Net: Name=TFT_CS
Added Pin To Net: NetName=TFT_DB0 Pin=P?-9
Added Pin To Net: NetName=TFT_DB0 Pin=S?-12
Added Net: Name=TFT_DB0
Added Pin To Net: NetName=TFT_DB1 Pin=P?-8
Added Pin To Net: NetName=TFT_DB1 Pin=S?-11
Added Net: Name=TFT_DB1
Added Pin To Net: NetName=TFT_DB2 Pin=P?-7
Added Pin To Net: NetName=TFT_DB2 Pin=S?-10
Added Net: Name=TFT_DB2
Added Pin To Net: NetName=TFT_DB3 Pin=P?-6
Added Pin To Net: NetName=TFT_DB3 Pin=S?-9
Added Net: Name=TFT_DB3
Added Pin To Net: NetName=TFT_DB4 Pin=P?-5
Added Pin To Net: NetName=TFT_DB4 Pin=S?-8
Added Net: Name=TFT_DB4
Added Pin To Net: NetName=TFT_DB5 Pin=P?-4
Added Pin To Net: NetName=TFT_DB5 Pin=S?-7
Added Net: Name=TFT_DB5
Added Pin To Net: NetName=TFT_DB6 Pin=P?-3
Added Pin To Net: NetName=TFT_DB6 Pin=S?-6
Added Net: Name=TFT_DB6
Added Pin To Net: NetName=TFT_DB7 Pin=P?-2
Added Pin To Net: NetName=TFT_DB7 Pin=S?-5
Added Net: Name=TFT_DB7
Added Pin To Net: NetName=TFT_DB8 Pin=P?-1
Added Pin To Net: NetName=TFT_DB8 Pin=S?-4
Added Net: Name=TFT_DB8
Added Pin To Net: NetName=TFT_IM Pin=P?-10
Added Pin To Net: NetName=TFT_IM Pin=S?-13
Added Net: Name=TFT_IM
Added Pin To Net: NetName=TFT_LEDK Pin=R43-2
Added Pin To Net: NetName=TFT_LEDK Pin=S?-23
Added Net: Name=TFT_LEDK
Added Pin To Net: NetName=TFT_RD Pin=P?-11
Added Pin To Net: NetName=TFT_RD Pin=S?-14
Added Net: Name=TFT_RD
Added Pin To Net: NetName=TFT_RES Pin=S?-2
Added Net: Name=TFT_RES
Added Pin To Net: NetName=TFT_RS Pin=P?-13
Added Pin To Net: NetName=TFT_RS Pin=S?-16
Added Net: Name=TFT_RS
Added Pin To Net: NetName=TFT_WR Pin=P?-12
Added Pin To Net: NetName=TFT_WR Pin=S?-15
Added Net: Name=TFT_WR
Added Pin To Net: NetName=TP_EINT Pin=CR1-4
Added Pin To Net: NetName=TP_EINT Pin=P9-4
Added Net: Name=TP_EINT
Added Pin To Net: NetName=TP_RES Pin=CR1-5
Added Pin To Net: NetName=TP_RES Pin=P9-5
Added Net: Name=TP_RES
Added Pin To Net: NetName=TP_SCL Pin=CR1-2
Added Pin To Net: NetName=TP_SCL Pin=P9-2
Added Net: Name=TP_SCL
Added Pin To Net: NetName=TP_SDA Pin=CR1-3
Added Pin To Net: NetName=TP_SDA Pin=P9-3
Added Net: Name=TP_SDA
Added Class: Name=ScreenAdapterBoard2
