Added Component: Designator=C1(电容_C0603)
Added Component: Designator=C2(电容_C0603)
Added Component: Designator=C3(电容_C0603)
Added Component: Designator=C4(电容_C0603)
Added Component: Designator=C5(电容_C0603)
Added Component: Designator=C6(电容_C0603)
Added Component: Designator=C7(电容_C0603)
Added Component: Designator=C8(电容_C0603)
Added Component: Designator=C9(电容_C0603)
Added Component: Designator=C10(电容_C0603)
Added Component: Designator=C11(电容_C0603)
Added Component: Designator=C12(电容_C0603)
Added Component: Designator=C13(电容_C0603)
Added Component: Designator=C14(电容_C0603)
Added Component: Designator=C15(电容_C0603)
Added Component: Designator=C16(电容_C0603)
Added Component: Designator=C17(电容_C0603)
Added Component: Designator=C18(电容_C0603)
Added Component: Designator=C19(电容_C0603)
Added Component: Designator=C20(电容_C0603)
Added Component: Designator=C21(电容_C0603)
Added Component: Designator=C22(电容_C0603)
Added Component: Designator=C23(电容_C0603)
Added Component: Designator=C24(电容_C0603)
Added Component: Designator=C25(电容_C0603)
Added Component: Designator=C26(电容_C0603)
Added Component: Designator=C28(电容_C0805)
Added Component: Designator=C29(电容_C0603)
Added Component: Designator=C30(电容_C0603)
Added Component: Designator=C31(电容_C0805)
Added Component: Designator=C32(电容_C0805)
Added Component: Designator=C33(电容_C0805)
Added Component: Designator=C34(电容_C0603)
Added Component: Designator=C35(电容_C0805)
Added Component: Designator=C36(电容_C0603)
Added Component: Designator=C37(电容_C0805)
Added Component: Designator=C38(电容_C0603)
Added Component: Designator=C39(电容_C0805)
Added Component: Designator=C40(电容_C0603)
Added Component: Designator=C41(电容_C0603)
Added Component: Designator=CR1(CONN RCPT 10POS 0.4MM)
Added Component: Designator=D2(二极管_SOD-323)
Added Component: Designator=D3(LED_0603)
Added Component: Designator=D5(二极管_SOD-323)
Added Component: Designator=D6(二极管_SOD-323)
Added Component: Designator=D7(二极管_SOD-323)
Added Component: Designator=D8(二极管_SOD-323)
Added Component: Designator=D9(二极管_SOD-323)
Added Component: Designator=D10(二极管_SOD-323)
Added Component: Designator=D11(二极管_SOD-323)
Added Component: Designator=F1(电阻_R0805)
Added Component: Designator=L1(INDC1608L)
Added Component: Designator=L2(变压器电感_0420)
Added Component: Designator=L3(INDC1608L)
Added Component: Designator=L4(INDC1608L)
Added Component: Designator=P14(接插件_MICRO 牛角插座 USB 卷边)
Added Component: Designator=Pad1(Pad_A)
Added Component: Designator=Pad2(Pad_A)
Added Component: Designator=Pad3(Pad_A)
Added Component: Designator=Pad4(Pad_A)
Added Component: Designator=Pad5(Pad_A)
Added Component: Designator=Pad6(Pad_A)
Added Component: Designator=Pad7(Pad_A)
Added Component: Designator=Pad8(Pad_A)
Added Component: Designator=Pad9(Pad_A)
Added Component: Designator=Q5(SOT23)
Added Component: Designator=Q6(SOT23)
Added Component: Designator=Q7(SOT23)
Added Component: Designator=Q8(三极管_SOT-23)
Added Component: Designator=Q9(MOS_SOT-23)
Added Component: Designator=Q10(MOS_SOT-23)
Added Component: Designator=Q11(三极管_SOT-23)
Added Component: Designator=R9(电阻_R0603)
Added Component: Designator=R11(电阻_R0603)
Added Component: Designator=R25(电阻_R0603)
Added Component: Designator=R27(电阻_R0603)
Added Component: Designator=R28(电阻_R0603)
Added Component: Designator=R29(电阻_R0603)
Added Component: Designator=R30(电阻_R0603)
Added Component: Designator=R31(电阻_R0603)
Added Component: Designator=R32(电阻_R0603)
Added Component: Designator=R33(电阻_R0603)
Added Component: Designator=R34(电阻_R0603)
Added Component: Designator=R35(电阻_R0603)
Added Component: Designator=R36(电阻_R0603)
Added Component: Designator=R37(电阻_R0603)
Added Component: Designator=R40(电阻_R0603)
Added Component: Designator=R41(电阻_R0603)
Added Component: Designator=R42(电阻_R0603)
Added Component: Designator=R43(电阻_R0603)
Added Component: Designator=R44(电阻_R0603)
Added Component: Designator=R45(电阻_R0603)
Added Component: Designator=R46(电阻_R0603)
Added Component: Designator=R48(电阻_R0603)
Added Component: Designator=R49(电阻_R0603)
Added Component: Designator=R50(电阻_R0603)
Added Component: Designator=R51(电阻_R0603)
Added Component: Designator=R52(电阻_R0603)
Added Component: Designator=S1(MAX30102)
Added Component: Designator=S3(KEY_8*8mm)
Added Component: Designator=U1(NORDIC_QFN48)
Added Component: Designator=U4(FPC-0.30mm-15P)
Added Component: Designator=U5(AT主控_QFN48(6X6))
Added Component: Designator=U6(LGA-12_L2.0-W2.0-P0.50-BL)
Added Component: Designator=U7(WSON-8)
Added Component: Designator=U8(SOT23-5)
Added Component: Designator=U9(SOT23-5)
Added Component: Designator=U10(QFN16-4MM)
Added Component: Designator=U*1(LGA-7)
Added Component: Designator=Y1(晶振_2016)
Added Component: Designator=Y2(晶振_3215)
Added Component: Designator=Y3(晶振_3215)
Added Component: Designator=Y4(晶振_2016)
Added Pin To Net: NetName=1.8V Pin=C20-1
Added Pin To Net: NetName=1.8V Pin=C35-2
Added Pin To Net: NetName=1.8V Pin=Q9-1
Added Pin To Net: NetName=1.8V Pin=Q10-1
Added Pin To Net: NetName=1.8V Pin=R46-1
Added Pin To Net: NetName=1.8V Pin=R49-1
Added Pin To Net: NetName=1.8V Pin=S1-11
Added Pin To Net: NetName=1.8V Pin=U6-9
Added Pin To Net: NetName=1.8V Pin=U6-10
Added Pin To Net: NetName=1.8V Pin=U9-5
Added Net: Name=1.8V
Added Pin To Net: NetName=3V3 Pin=C7-1
Added Pin To Net: NetName=3V3 Pin=C10-2
Added Pin To Net: NetName=3V3 Pin=C11-2
Added Pin To Net: NetName=3V3 Pin=C12-2
Added Pin To Net: NetName=3V3 Pin=C13-2
Added Pin To Net: NetName=3V3 Pin=C14-2
Added Pin To Net: NetName=3V3 Pin=C15-2
Added Pin To Net: NetName=3V3 Pin=C33-2
Added Pin To Net: NetName=3V3 Pin=CR1-1
Added Pin To Net: NetName=3V3 Pin=D11-K
Added Pin To Net: NetName=3V3 Pin=Pad3-1
Added Pin To Net: NetName=3V3 Pin=R9-2
Added Pin To Net: NetName=3V3 Pin=R11-1
Added Pin To Net: NetName=3V3 Pin=R25-2
Added Pin To Net: NetName=3V3 Pin=R28-2
Added Pin To Net: NetName=3V3 Pin=R29-2
Added Pin To Net: NetName=3V3 Pin=R40-2
Added Pin To Net: NetName=3V3 Pin=U4-9
Added Pin To Net: NetName=3V3 Pin=U4-10
Added Pin To Net: NetName=3V3 Pin=U4-11
Added Pin To Net: NetName=3V3 Pin=U4-14
Added Pin To Net: NetName=3V3 Pin=U4-15
Added Pin To Net: NetName=3V3 Pin=U5-9
Added Pin To Net: NetName=3V3 Pin=U5-24
Added Pin To Net: NetName=3V3 Pin=U5-36
Added Pin To Net: NetName=3V3 Pin=U5-48
Added Pin To Net: NetName=3V3 Pin=U7-8
Added Pin To Net: NetName=3V3 Pin=U8-5
Added Pin To Net: NetName=3V3 Pin=U*1-2
Added Pin To Net: NetName=3V3 Pin=U*1-3
Added Net: Name=3V3
Added Pin To Net: NetName=ASCL Pin=CR1-2
Added Pin To Net: NetName=ASCL Pin=D10-K
Added Pin To Net: NetName=ASCL Pin=Q10-2
Added Pin To Net: NetName=ASCL Pin=R50-2
Added Pin To Net: NetName=ASCL Pin=U5-42
Added Pin To Net: NetName=ASCL Pin=U*1-5
Added Net: Name=ASCL
Added Pin To Net: NetName=ASDA Pin=CR1-3
Added Pin To Net: NetName=ASDA Pin=D9-K
Added Pin To Net: NetName=ASDA Pin=Q9-2
Added Pin To Net: NetName=ASDA Pin=R11-2
Added Pin To Net: NetName=ASDA Pin=U5-43
Added Pin To Net: NetName=ASDA Pin=U*1-6
Added Net: Name=ASDA
Added Pin To Net: NetName=AVCC Pin=R50-1
Added Net: Name=AVCC
Added Pin To Net: NetName=BAT_CHG Pin=U5-38
Added Pin To Net: NetName=BAT_CHG Pin=U10-15
Added Net: Name=BAT_CHG
Added Pin To Net: NetName=BAT_DET_EN Pin=Q5-1
Added Pin To Net: NetName=BAT_DET_EN Pin=R30-1
Added Pin To Net: NetName=BAT_DET_EN Pin=U5-12
Added Net: Name=BAT_DET_EN
Added Pin To Net: NetName=BAT_DET Pin=C36-2
Added Pin To Net: NetName=BAT_DET Pin=R31-1
Added Pin To Net: NetName=BAT_DET Pin=R35-2
Added Pin To Net: NetName=BAT_DET Pin=U5-11
Added Net: Name=BAT_DET
Added Pin To Net: NetName=BAT Pin=C39-2
Added Pin To Net: NetName=BAT Pin=C40-1
Added Pin To Net: NetName=BAT Pin=D8-A
Added Pin To Net: NetName=BAT Pin=Pad6-1
Added Pin To Net: NetName=BAT Pin=Q5-3
Added Pin To Net: NetName=BAT Pin=Q7-2
Added Pin To Net: NetName=BAT Pin=R30-2
Added Pin To Net: NetName=BAT Pin=R34-1
Added Pin To Net: NetName=BAT Pin=U10-9
Added Net: Name=BAT
Added Pin To Net: NetName=BSCL Pin=D10-A
Added Pin To Net: NetName=BSCL Pin=Q10-3
Added Pin To Net: NetName=BSCL Pin=R49-2
Added Pin To Net: NetName=BSCL Pin=S1-2
Added Pin To Net: NetName=BSCL Pin=U6-1
Added Net: Name=BSCL
Added Pin To Net: NetName=BSDA Pin=D9-A
Added Pin To Net: NetName=BSDA Pin=Q9-3
Added Pin To Net: NetName=BSDA Pin=R46-2
Added Pin To Net: NetName=BSDA Pin=S1-3
Added Pin To Net: NetName=BSDA Pin=U6-4
Added Net: Name=BSDA
Added Pin To Net: NetName=FLASH_CLK Pin=U7-6
Added Net: Name=FLASH_CLK
Added Pin To Net: NetName=FLASH_CS Pin=U7-1
Added Net: Name=FLASH_CS
Added Pin To Net: NetName=FLASH_D1 Pin=U7-5
Added Net: Name=FLASH_D1
Added Pin To Net: NetName=FLASH_DO Pin=U7-2
Added Net: Name=FLASH_DO
Added Pin To Net: NetName=FLASH_HOLD Pin=U7-7
Added Net: Name=FLASH_HOLD
Added Pin To Net: NetName=FLASH_WP Pin=U7-3
Added Net: Name=FLASH_WP
Added Pin To Net: NetName=GND Pin=C1-1
Added Pin To Net: NetName=GND Pin=C2-1
Added Pin To Net: NetName=GND Pin=C3-1
Added Pin To Net: NetName=GND Pin=C4-1
Added Pin To Net: NetName=GND Pin=C5-2
Added Pin To Net: NetName=GND Pin=C6-2
Added Pin To Net: NetName=GND Pin=C7-2
Added Pin To Net: NetName=GND Pin=C8-2
Added Pin To Net: NetName=GND Pin=C9-2
Added Pin To Net: NetName=GND Pin=C10-1
Added Pin To Net: NetName=GND Pin=C11-1
Added Pin To Net: NetName=GND Pin=C12-1
Added Pin To Net: NetName=GND Pin=C13-1
Added Pin To Net: NetName=GND Pin=C14-1
Added Pin To Net: NetName=GND Pin=C15-1
Added Pin To Net: NetName=GND Pin=C16-2
Added Pin To Net: NetName=GND Pin=C17-2
Added Pin To Net: NetName=GND Pin=C18-1
Added Pin To Net: NetName=GND Pin=C19-1
Added Pin To Net: NetName=GND Pin=C20-2
Added Pin To Net: NetName=GND Pin=C21-1
Added Pin To Net: NetName=GND Pin=C22-2
Added Pin To Net: NetName=GND Pin=C23-1
Added Pin To Net: NetName=GND Pin=C24-2
Added Pin To Net: NetName=GND Pin=C25-2
Added Pin To Net: NetName=GND Pin=C26-1
Added Pin To Net: NetName=GND Pin=C28-1
Added Pin To Net: NetName=GND Pin=C29-2
Added Pin To Net: NetName=GND Pin=C30-1
Added Pin To Net: NetName=GND Pin=C31-1
Added Pin To Net: NetName=GND Pin=C32-1
Added Pin To Net: NetName=GND Pin=C33-1
Added Pin To Net: NetName=GND Pin=C34-2
Added Pin To Net: NetName=GND Pin=C35-1
Added Pin To Net: NetName=GND Pin=C36-1
Added Pin To Net: NetName=GND Pin=C37-1
Added Pin To Net: NetName=GND Pin=C38-2
Added Pin To Net: NetName=GND Pin=C39-1
Added Pin To Net: NetName=GND Pin=C40-2
Added Pin To Net: NetName=GND Pin=C41-2
Added Pin To Net: NetName=GND Pin=CR1-6
Added Pin To Net: NetName=GND Pin=CR1-7
Added Pin To Net: NetName=GND Pin=CR1-9
Added Pin To Net: NetName=GND Pin=CR1-10
Added Pin To Net: NetName=GND Pin=D3-K
Added Pin To Net: NetName=GND Pin=D7-A
Added Pin To Net: NetName=GND Pin=P14-0
Added Pin To Net: NetName=GND Pin=P14-0
Added Pin To Net: NetName=GND Pin=P14-0
Added Pin To Net: NetName=GND Pin=P14-0
Added Pin To Net: NetName=GND Pin=P14-5
Added Pin To Net: NetName=GND Pin=Pad1-1
Added Pin To Net: NetName=GND Pin=Pad4-1
Added Pin To Net: NetName=GND Pin=Q8-3
Added Pin To Net: NetName=GND Pin=Q11-3
Added Pin To Net: NetName=GND Pin=R32-1
Added Pin To Net: NetName=GND Pin=R33-2
Added Pin To Net: NetName=GND Pin=R35-1
Added Pin To Net: NetName=GND Pin=R36-2
Added Pin To Net: NetName=GND Pin=R45-1
Added Pin To Net: NetName=GND Pin=R52-1
Added Pin To Net: NetName=GND Pin=S1-4
Added Pin To Net: NetName=GND Pin=S1-12
Added Pin To Net: NetName=GND Pin=U1-0
Added Pin To Net: NetName=GND Pin=U1-31
Added Pin To Net: NetName=GND Pin=U1-44
Added Pin To Net: NetName=GND Pin=U1-45
Added Pin To Net: NetName=GND Pin=U4-2
Added Pin To Net: NetName=GND Pin=U4-12
Added Pin To Net: NetName=GND Pin=U4-13
Added Pin To Net: NetName=GND Pin=U4-16
Added Pin To Net: NetName=GND Pin=U4-17
Added Pin To Net: NetName=GND Pin=U5-0
Added Pin To Net: NetName=GND Pin=U5-8
Added Pin To Net: NetName=GND Pin=U5-23
Added Pin To Net: NetName=GND Pin=U5-35
Added Pin To Net: NetName=GND Pin=U5-44
Added Pin To Net: NetName=GND Pin=U5-47
Added Pin To Net: NetName=GND Pin=U6-5
Added Pin To Net: NetName=GND Pin=U6-6
Added Pin To Net: NetName=GND Pin=U6-7
Added Pin To Net: NetName=GND Pin=U6-8
Added Pin To Net: NetName=GND Pin=U7-4
Added Pin To Net: NetName=GND Pin=U7-9
Added Pin To Net: NetName=GND Pin=U8-2
Added Pin To Net: NetName=GND Pin=U9-2
Added Pin To Net: NetName=GND Pin=U10-7
Added Pin To Net: NetName=GND Pin=U10-11
Added Pin To Net: NetName=GND Pin=U10-12
Added Pin To Net: NetName=GND Pin=U*1-7
Added Net: Name=GND
Added Pin To Net: NetName=HRS_INT Pin=R25-1
Added Pin To Net: NetName=HRS_INT Pin=S1-13
Added Net: Name=HRS_INT
Added Pin To Net: NetName=KEY1 Pin=R37-1
Added Pin To Net: NetName=KEY1 Pin=U5-10
Added Net: Name=KEY1
Added Pin To Net: NetName=LED Pin=R27-1
Added Pin To Net: NetName=LED Pin=U5-2
Added Net: Name=LED
Added Pin To Net: NetName=LIS_CS Pin=U6-2
Added Net: Name=LIS_CS
Added Pin To Net: NetName=LIS_INT1 Pin=R28-1
Added Pin To Net: NetName=LIS_INT1 Pin=U6-12
Added Net: Name=LIS_INT1
Added Pin To Net: NetName=LIS_INT2 Pin=R29-1
Added Pin To Net: NetName=LIS_INT2 Pin=U6-11
Added Net: Name=LIS_INT2
Added Pin To Net: NetName=LIS_SD0 Pin=U6-3
Added Net: Name=LIS_SD0
Added Pin To Net: NetName=MCU_RX Pin=Pad8-1
Added Pin To Net: NetName=MCU_RX Pin=U5-31
Added Net: Name=MCU_RX
Added Pin To Net: NetName=MCU_TX Pin=Pad9-1
Added Pin To Net: NetName=MCU_TX Pin=U5-30
Added Net: Name=MCU_TX
Added Pin To Net: NetName=MOTOR Pin=R51-1
Added Net: Name=MOTOR
Added Pin To Net: NetName=NetC1_2 Pin=C1-2
Added Pin To Net: NetName=NetC1_2 Pin=L1-2
Added Pin To Net: NetName=NetC1_2 Pin=U1-46
Added Net: Name=NetC1_2
Added Pin To Net: NetName=NetC2_2 Pin=C2-2
Added Pin To Net: NetName=NetC2_2 Pin=U1-35
Added Pin To Net: NetName=NetC2_2 Pin=Y4-2
Added Net: Name=NetC2_2
Added Pin To Net: NetName=NetC4_2 Pin=C4-2
Added Pin To Net: NetName=NetC4_2 Pin=U1-34
Added Pin To Net: NetName=NetC4_2 Pin=Y4-1
Added Net: Name=NetC4_2
Added Pin To Net: NetName=NetC5_1 Pin=C5-1
Added Pin To Net: NetName=NetC5_1 Pin=U1-2
Added Pin To Net: NetName=NetC5_1 Pin=Y3-2
Added Net: Name=NetC5_1
Added Pin To Net: NetName=NetC6_1 Pin=C6-1
Added Pin To Net: NetName=NetC6_1 Pin=U1-1
Added Net: Name=NetC6_1
Added Pin To Net: NetName=NetC19_2 Pin=C19-2
Added Pin To Net: NetName=NetC19_2 Pin=S1-9
Added Pin To Net: NetName=NetC19_2 Pin=S1-10
Added Net: Name=NetC19_2
Added Pin To Net: NetName=NetC21_2 Pin=C21-2
Added Pin To Net: NetName=NetC21_2 Pin=U1-33
Added Net: Name=NetC21_2
Added Pin To Net: NetName=NetC22_1 Pin=C22-1
Added Pin To Net: NetName=NetC22_1 Pin=U1-3
Added Pin To Net: NetName=NetC22_1 Pin=Y3-1
Added Net: Name=NetC22_1
Added Pin To Net: NetName=NetC23_2 Pin=C23-2
Added Pin To Net: NetName=NetC23_2 Pin=U1-32
Added Net: Name=NetC23_2
Added Pin To Net: NetName=NetC24_1 Pin=C24-1
Added Pin To Net: NetName=NetC24_1 Pin=L4-2
Added Pin To Net: NetName=NetC24_1 Pin=U1-30
Added Net: Name=NetC24_1
Added Pin To Net: NetName=NetC34_1 Pin=C34-1
Added Pin To Net: NetName=NetC34_1 Pin=U10-10
Added Net: Name=NetC34_1
Added Pin To Net: NetName=NetC37_2 Pin=C37-2
Added Pin To Net: NetName=NetC37_2 Pin=C38-1
Added Pin To Net: NetName=NetC37_2 Pin=L2-2
Added Pin To Net: NetName=NetC37_2 Pin=R34-2
Added Pin To Net: NetName=NetC37_2 Pin=U10-8
Added Net: Name=NetC37_2
Added Pin To Net: NetName=NetD2_A Pin=D2-A
Added Pin To Net: NetName=NetD2_A Pin=R36-1
Added Pin To Net: NetName=NetD2_A Pin=R37-2
Added Pin To Net: NetName=NetD2_A Pin=S3-2
Added Pin To Net: NetName=NetD2_A Pin=S3-2
Added Net: Name=NetD2_A
Added Pin To Net: NetName=NetD2_K Pin=D2-K
Added Pin To Net: NetName=NetD2_K Pin=D5-K
Added Pin To Net: NetName=NetD2_K Pin=D6-K
Added Pin To Net: NetName=NetD2_K Pin=R33-1
Added Pin To Net: NetName=NetD2_K Pin=U8-3
Added Net: Name=NetD2_K
Added Pin To Net: NetName=NetD3_A Pin=D3-A
Added Pin To Net: NetName=NetD3_A Pin=R27-2
Added Net: Name=NetD3_A
Added Pin To Net: NetName=NetD7_K Pin=D7-K
Added Pin To Net: NetName=NetD7_K Pin=L2-1
Added Pin To Net: NetName=NetD7_K Pin=U10-2
Added Pin To Net: NetName=NetD7_K Pin=U10-3
Added Net: Name=NetD7_K
Added Pin To Net: NetName=NetD8_K Pin=D8-K
Added Pin To Net: NetName=NetD8_K Pin=R48-2
Added Net: Name=NetD8_K
Added Pin To Net: NetName=NetD11_A Pin=D11-A
Added Pin To Net: NetName=NetD11_A Pin=Pad2-1
Added Pin To Net: NetName=NetD11_A Pin=Q11-2
Added Net: Name=NetD11_A
Added Pin To Net: NetName=NetF1_1 Pin=F1-1
Added Pin To Net: NetName=NetF1_1 Pin=P14-1
Added Net: Name=NetF1_1
Added Pin To Net: NetName=NetL1_1 Pin=L1-1
Added Pin To Net: NetName=NetL1_1 Pin=L3-2
Added Net: Name=NetL1_1
Added Pin To Net: NetName=NetL3_1 Pin=L3-1
Added Pin To Net: NetName=NetL3_1 Pin=U1-47
Added Net: Name=NetL3_1
Added Pin To Net: NetName=NetP14_2 Pin=P14-2
Added Pin To Net: NetName=NetP14_2 Pin=R42-1
Added Net: Name=NetP14_2
Added Pin To Net: NetName=NetP14_3 Pin=P14-3
Added Pin To Net: NetName=NetP14_3 Pin=R40-1
Added Pin To Net: NetName=NetP14_3 Pin=R41-1
Added Net: Name=NetP14_3
Added Pin To Net: NetName=NetQ5_2 Pin=Q5-2
Added Pin To Net: NetName=NetQ5_2 Pin=R31-2
Added Net: Name=NetQ5_2
Added Pin To Net: NetName=NetQ6_1 Pin=Q6-1
Added Pin To Net: NetName=NetQ6_1 Pin=U10-6
Added Net: Name=NetQ6_1
Added Pin To Net: NetName=NetQ8_1 Pin=Q8-1
Added Pin To Net: NetName=NetQ8_1 Pin=R44-2
Added Pin To Net: NetName=NetQ8_1 Pin=R45-2
Added Net: Name=NetQ8_1
Added Pin To Net: NetName=NetQ8_2 Pin=Q8-2
Added Pin To Net: NetName=NetQ8_2 Pin=R43-1
Added Net: Name=NetQ8_2
Added Pin To Net: NetName=NetQ11_1 Pin=Q11-1
Added Pin To Net: NetName=NetQ11_1 Pin=R51-2
Added Pin To Net: NetName=NetQ11_1 Pin=R52-2
Added Net: Name=NetQ11_1
Added Pin To Net: NetName=NRF_SWCLK Pin=U1-25
Added Net: Name=NRF_SWCLK
Added Pin To Net: NetName=NRF_SWDIO Pin=U1-26
Added Net: Name=NRF_SWDIO
Added Pin To Net: NetName=OSC32_IN Pin=C25-1
Added Pin To Net: NetName=OSC32_IN Pin=U5-3
Added Pin To Net: NetName=OSC32_IN Pin=Y2-1
Added Net: Name=OSC32_IN
Added Pin To Net: NetName=OSC32_OUT Pin=C8-1
Added Pin To Net: NetName=OSC32_OUT Pin=U5-4
Added Pin To Net: NetName=OSC32_OUT Pin=Y2-2
Added Net: Name=OSC32_OUT
Added Pin To Net: NetName=OSC_IN Pin=C16-1
Added Pin To Net: NetName=OSC_IN Pin=U5-5
Added Pin To Net: NetName=OSC_IN Pin=Y1-1
Added Net: Name=OSC_IN
Added Pin To Net: NetName=OSC_OUT Pin=C17-1
Added Pin To Net: NetName=OSC_OUT Pin=U5-6
Added Pin To Net: NetName=OSC_OUT Pin=Y1-2
Added Net: Name=OSC_OUT
Added Pin To Net: NetName=PA3 Pin=R44-1
Added Pin To Net: NetName=PA3 Pin=U5-13
Added Net: Name=PA3
Added Pin To Net: NetName=PA4 Pin=U4-7
Added Pin To Net: NetName=PA4 Pin=U5-14
Added Net: Name=PA4
Added Pin To Net: NetName=PA5 Pin=U4-6
Added Pin To Net: NetName=PA5 Pin=U5-15
Added Net: Name=PA5
Added Pin To Net: NetName=PA6 Pin=U5-16
Added Net: Name=PA6
Added Pin To Net: NetName=PA7 Pin=U5-17
Added Net: Name=PA7
Added Pin To Net: NetName=PA8 Pin=U5-29
Added Net: Name=PA8
Added Pin To Net: NetName=PB0 Pin=U5-18
Added Net: Name=PB0
Added Pin To Net: NetName=PB1 Pin=CR1-5
Added Pin To Net: NetName=PB1 Pin=U4-8
Added Pin To Net: NetName=PB1 Pin=U5-19
Added Net: Name=PB1
Added Pin To Net: NetName=PB2 Pin=U5-20
Added Net: Name=PB2
Added Pin To Net: NetName=PB3 Pin=U5-39
Added Net: Name=PB3
Added Pin To Net: NetName=PB4 Pin=U5-40
Added Net: Name=PB4
Added Pin To Net: NetName=PB5 Pin=U5-41
Added Net: Name=PB5
Added Pin To Net: NetName=PB8 Pin=U5-45
Added Net: Name=PB8
Added Pin To Net: NetName=PB9 Pin=U5-46
Added Net: Name=PB9
Added Pin To Net: NetName=PB10 Pin=U5-21
Added Net: Name=PB10
Added Pin To Net: NetName=PB11 Pin=U5-22
Added Net: Name=PB11
Added Pin To Net: NetName=PB12 Pin=U5-25
Added Net: Name=PB12
Added Pin To Net: NetName=PB13 Pin=U5-26
Added Net: Name=PB13
Added Pin To Net: NetName=PB14 Pin=U5-27
Added Net: Name=PB14
Added Pin To Net: NetName=PB15 Pin=U5-28
Added Net: Name=PB15
Added Pin To Net: NetName=POWER_EN Pin=D5-A
Added Net: Name=POWER_EN
Added Pin To Net: NetName=RF Pin=L4-1
Added Net: Name=RF
Added Pin To Net: NetName=RST Pin=C18-2
Added Pin To Net: NetName=RST Pin=R9-1
Added Pin To Net: NetName=RST Pin=U5-7
Added Net: Name=RST
Added Pin To Net: NetName=SWCLK Pin=Pad5-1
Added Pin To Net: NetName=SWCLK Pin=U5-37
Added Net: Name=SWCLK
Added Pin To Net: NetName=SWDIO Pin=Pad7-1
Added Pin To Net: NetName=SWDIO Pin=U5-34
Added Net: Name=SWDIO
Added Pin To Net: NetName=TFT_LEDK Pin=R43-2
Added Pin To Net: NetName=TFT_LEDK Pin=U4-1
Added Net: Name=TFT_LEDK
Added Pin To Net: NetName=TFT_SDA1 Pin=U4-5
Added Net: Name=TFT_SDA1
Added Pin To Net: NetName=TFT_SDA Pin=U4-4
Added Net: Name=TFT_SDA
Added Pin To Net: NetName=TP_EINT Pin=CR1-4
Added Net: Name=TP_EINT
Added Pin To Net: NetName=USB_DM Pin=R42-2
Added Pin To Net: NetName=USB_DM Pin=U5-32
Added Net: Name=USB_DM
Added Pin To Net: NetName=USB_DP Pin=R41-2
Added Pin To Net: NetName=USB_DP Pin=U5-33
Added Net: Name=USB_DP
Added Pin To Net: NetName=USB_VCC Pin=C28-2
Added Pin To Net: NetName=USB_VCC Pin=C29-1
Added Pin To Net: NetName=USB_VCC Pin=D6-A
Added Pin To Net: NetName=USB_VCC Pin=F1-2
Added Pin To Net: NetName=USB_VCC Pin=Q6-2
Added Pin To Net: NetName=USB_VCC Pin=Q7-1
Added Pin To Net: NetName=USB_VCC Pin=R32-2
Added Pin To Net: NetName=USB_VCC Pin=U10-1
Added Pin To Net: NetName=USB_VCC Pin=U10-4
Added Pin To Net: NetName=USB_VCC Pin=U10-5
Added Pin To Net: NetName=USB_VCC Pin=U10-16
Added Net: Name=USB_VCC
Added Pin To Net: NetName=VBAT Pin=C41-1
Added Pin To Net: NetName=VBAT Pin=R48-1
Added Pin To Net: NetName=VBAT Pin=U5-1
Added Net: Name=VBAT
Added Pin To Net: NetName=VCC Pin=C30-2
Added Pin To Net: NetName=VCC Pin=C31-2
Added Pin To Net: NetName=VCC Pin=C32-2
Added Pin To Net: NetName=VCC Pin=Q6-3
Added Pin To Net: NetName=VCC Pin=Q7-3
Added Pin To Net: NetName=VCC Pin=S3-1
Added Pin To Net: NetName=VCC Pin=S3-1
Added Pin To Net: NetName=VCC Pin=U8-1
Added Pin To Net: NetName=VCC Pin=U9-1
Added Pin To Net: NetName=VCC Pin=U9-3
Added Net: Name=VCC
Added Pin To Net: NetName=VDD_NRF Pin=C3-2
Added Pin To Net: NetName=VDD_NRF Pin=C9-1
Added Pin To Net: NetName=VDD_NRF Pin=C26-2
Added Pin To Net: NetName=VDD_NRF Pin=U1-13
Added Pin To Net: NetName=VDD_NRF Pin=U1-36
Added Pin To Net: NetName=VDD_NRF Pin=U1-48
Added Net: Name=VDD_NRF
Added Class: Name=WatchX2
