Change Component Designator: Old Designator=C? New Designator=C1
Change Component Designator: Old Designator=C? New Designator=C2
Change Component Designator: Old Designator=C? New Designator=C3
Change Component Designator: Old Designator=C? New Designator=C4
Change Component Designator: Old Designator=C? New Designator=C5
Change Component Designator: Old Designator=C? New Designator=C6
Change Component Designator: Old Designator=C? New Designator=C9
Change Component Designator: Old Designator=C? New Designator=C21
Change Component Designator: Old Designator=C? New Designator=C22
Change Component Designator: Old Designator=C? New Designator=C23
Change Component Designator: Old Designator=C? New Designator=C24
Change Component Designator: Old Designator=C? New Designator=C26
Change Component Designator: Old Designator=L? New Designator=L1
Change Component Designator: Old Designator=L? New Designator=L3
Change Component Designator: Old Designator=L? New Designator=L4
Change Component Designator: Old Designator=Pad? New Designator=Pad4
Change Component Designator: Old Designator=Pad? New Designator=Pad5
Change Component Designator: Old Designator=Pad? New Designator=Pad7
Change Component Designator: Old Designator=Pad? New Designator=Pad8
Change Component Designator: Old Designator=Pad? New Designator=Pad9
Change Component Designator: Old Designator=U? New Designator=U1
Change Component Designator: Old Designator=Y2 New Designator=Y4
